2026-07-19 23:36:53 - PyeducLogger - INFO - Aplicativo Pyeduc iniciado.
2026-07-19 23:36:54 - PyeducLogger - INFO - Interpretador Python interativo iniciado.
2026-07-19 23:38:09 - PyeducLogger - INFO - Aplicativo Pyeduc iniciado.
2026-07-19 23:38:10 - PyeducLogger - INFO - Interpretador Python interativo iniciado.
2026-07-19 23:38:16 - PyeducLogger - INFO - Login efetuado: admin
2026-07-19 23:43:09 - PyeducLogger - INFO - Aplicativo Pyeduc iniciado.
2026-07-19 23:43:09 - PyeducLogger - INFO - Interpretador Python interativo iniciado.
2026-07-19 23:43:15 - PyeducLogger - INFO - Login efetuado: admin
2026-07-19 23:48:16 - PyeducLogger - INFO - Aplicativo Pyeduc iniciado.
2026-07-19 23:48:17 - PyeducLogger - INFO - Interpretador Python interativo iniciado.
2026-07-19 23:48:24 - PyeducLogger - INFO - Login efetuado: admin
2026-07-19 23:50:52 - PyeducLogger - INFO - Aplicativo Pyeduc iniciado.
2026-07-19 23:50:53 - PyeducLogger - INFO - Interpretador Python interativo iniciado.
2026-07-19 23:50:59 - PyeducLogger - INFO - Login efetuado: admin
2026-07-20 00:00:38 - PyeducLogger - INFO - Aplicativo Pyeduc iniciado.
2026-07-20 00:00:39 - PyeducLogger - INFO - Interpretador Python interativo iniciado.
2026-07-20 00:02:35 - PyeducLogger - INFO - Aplicativo Pyeduc iniciado.
2026-07-20 00:02:36 - PyeducLogger - INFO - Interpretador Python interativo iniciado.
2026-07-20 00:02:47 - PyeducLogger - WARNING - Falha de login para usuário: adimin
2026-07-20 00:02:53 - PyeducLogger - INFO - Login efetuado: admin
2026-07-20 00:06:50 - PyeducLogger - INFO - Usuário admin concluiu a lição 0
2026-07-20 00:11:48 - PyeducLogger - INFO - Aplicativo Pyeduc iniciado.
2026-07-20 00:11:49 - PyeducLogger - INFO - Interpretador Python interativo iniciado.
2026-07-20 00:11:58 - PyeducLogger - INFO - Login efetuado: admin
2026-07-20 00:11:58 - PyeducLogger - INFO - Usuário admin concluiu a lição 0
2026-07-20 00:13:17 - PyeducLogger - INFO - Aplicativo Pyeduc iniciado.
2026-07-20 00:13:18 - PyeducLogger - INFO - Interpretador Python interativo iniciado.
2026-07-20 00:13:37 - PyeducLogger - INFO - Login efetuado: admin
2026-07-20 00:13:37 - PyeducLogger - INFO - Usuário admin concluiu a lição 0
2026-07-20 00:15:07 - PyeducLogger - INFO - Aplicativo Pyeduc iniciado.
2026-07-20 00:15:08 - PyeducLogger - INFO - Interpretador Python interativo iniciado.
2026-07-20 00:15:14 - PyeducLogger - INFO - Login efetuado: admin
2026-07-20 00:15:14 - PyeducLogger - INFO - Usuário admin concluiu a lição 0
2026-07-20 00:26:46 - PyeducLogger - INFO - Aplicativo Pyeduc iniciado.
2026-07-20 00:26:46 - PyeducLogger - INFO - Interpretador Python interativo iniciado.
2026-07-20 00:26:53 - PyeducLogger - INFO - Login efetuado: admin
2026-07-20 00:27:00 - PyeducLogger - INFO - Usuário admin concluiu a lição 0
2026-07-20 00:29:05 - PyeducLogger - INFO - Aplicativo Pyeduc iniciado.
2026-07-20 00:29:06 - PyeducLogger - INFO - Interpretador Python interativo iniciado.
2026-07-20 00:29:12 - PyeducLogger - INFO - Login efetuado: admin
2026-07-20 00:34:45 - PyeducLogger - INFO - Aplicativo Pyeduc iniciado.
2026-07-20 00:34:46 - PyeducLogger - INFO - Interpretador Python interativo iniciado.
2026-07-20 00:34:53 - PyeducLogger - INFO - Login efetuado: admin
2026-07-20 00:36:40 - PyeducLogger - INFO - Usuário admin concluiu a lição 0
2026-07-20 11:51:22 - PyeducLogger - INFO - Aplicativo Pyeduc iniciado.
2026-07-20 11:51:23 - PyeducLogger - INFO - Interpretador Python interativo iniciado.
2026-07-20 11:52:23 - PyeducLogger - INFO - Login efetuado: admin
2026-07-20 11:52:23 - PyeducLogger - INFO - Usuário admin concluiu a lição 0
2026-07-20 11:55:39 - PyeducLogger - INFO - Aplicativo Pyeduc iniciado.
2026-07-20 11:55:40 - PyeducLogger - INFO - Interpretador Python interativo iniciado.
2026-07-20 11:55:47 - PyeducLogger - INFO - Login efetuado: admin
2026-07-20 11:55:47 - PyeducLogger - INFO - Usuário admin concluiu a lição 0
2026-07-20 11:57:33 - PyeducLogger - INFO - Aplicativo Pyeduc iniciado.
2026-07-20 11:57:34 - PyeducLogger - INFO - Interpretador Python interativo iniciado.
2026-07-20 12:01:45 - PyeducLogger - INFO - Login efetuado: admin
2026-07-20 12:01:45 - PyeducLogger - INFO - Usuário admin concluiu a lição 0
2026-07-20 12:13:25 - PyeducLogger - INFO - Aplicativo Pyeduc iniciado.
2026-07-20 12:13:26 - PyeducLogger - INFO - Interpretador Python interativo iniciado.
2026-07-20 12:13:31 - PyeducLogger - INFO - Login efetuado: admin
2026-07-20 12:50:28 - PyeducLogger - INFO - Aplicativo Pyeduc iniciado.
2026-07-20 12:50:29 - PyeducLogger - INFO - Interpretador Python interativo iniciado.
2026-07-20 12:50:41 - PyeducLogger - INFO - Login efetuado: admin
